<?xml version="1.0" encoding="UTF-8"?>
<!-- Generated by org.testng.reporters.JUnitReportReporter -->
<testsuite hostname="LAPTOP-LM3UBGU4" failures="0" tests="2" name="jenkinstest1.Test1" time="1.295" errors="0" timestamp="2025-08-24T00:43:16 IST" skipped="0">
  <testcase classname="jenkinstest1.Test1" name="search" time="0.219"/>
  <testcase classname="jenkinstest1.Test1" name="launchbrowser" time="1.076"/>
</testsuite> <!-- jenkinstest1.Test1 -->
