<?xml version="1.0" encoding="UTF-8"?>
<!-- Generated by org.testng.reporters.JUnitReportReporter -->
<testsuite hostname="LAPTOP-LM3UBGU4" failures="0" tests="2" name="jenkinstest1.Test1" time="0.883" errors="0" timestamp="2025-08-24T11:48:41 IST" skipped="0">
  <testcase classname="jenkinstest1.Test1" name="search" time="0.232"/>
  <testcase classname="jenkinstest1.Test1" name="launchbrowser" time="0.651"/>
</testsuite> <!-- jenkinstest1.Test1 -->
